Queue entry 79 (return status -1):
Inserting: source chunk from file 63 position 41738 42675 mp4box trak_block
into target file 4 position 12 char_array_class major_brands
Warning: Consumed 930 less decision bytes than expected while generating chunk.

Queue entry 80 (return status -1):
Replacing: source non-optional chunk from file 10 position 7033 7034 uint32_class create_time
into target file 4 non-optional chunk position 63 68 uint32_class size
Warning: Consumed 1 less decision bytes than expected while generating chunk.

Queue entry 81 (return status -1):
Inserting: source chunk from file 69 position 7501 7525 mp4box stsc_block
into target file 4 position 12 char_array_class major_brands
Warning: Consumed 17 less decision bytes than expected while generating chunk.

Queue entry 82 (return status -1):
Inserting: source chunk from file 34 position 7826 7880 mp4box unknown_block
into target file 4 position 12 char_array_class major_brands
Warning: Consumed 47 less decision bytes than expected while generating chunk.

Queue entry 83 (return status 0):
Deleting from file 4 chunk 0 45 mp4box ftyp_block

Queue entry 84 (return status 0):
Abstracting from file 4 non-optional chunk 69 74 uint32_class size

Queue entry 85 (return status 1):
Replacing: source optional chunk from file 74 position 7181 7757 mp4box stbl_block
into target file 4 optional chunk position 46 59 mp4box free_block
Warning: Consumed 4125 more decision bytes than expected while generating chunk.

Queue entry 86 (return status -1):
Inserting: source chunk from file 31 position 23172 23211 mp4box hdlr_block
into target file 4 position 12 char_array_class major_brands
Warning: Consumed 32 less decision bytes than expected while generating chunk.

Queue entry 87 (return status 1):
Inserting: source chunk from file 40 position 21558 21587 mp4box hdlr_block
into target file 4 position 46 mp4box free_block
Warning: Consumed 2328 more decision bytes than expected while generating chunk.

Queue entry 88 (return status -1):
Inserting: source chunk from file 12 position 42096 42311 mp4box mixed_box
into target file 4 position 12 char_array_class major_brands
Warning: Consumed 204 less decision bytes than expected while generating chunk.

Queue entry 89 (return status 0):
Abstracting from file 4 optional chunk 46 59 mp4box free_block

Queue entry 90 (return status -1):
Inserting: source chunk from file 5 position 42381 42405 mp4box stsc_block
into target file 4 position 12 char_array_class major_brands
Warning: Consumed 17 less decision bytes than expected while generating chunk.

Queue entry 91 (return status 0):
Abstracting from file 4 non-optional chunk 69 74 uint32_class size

Queue entry 92 (return status 0):
Inserting: source chunk from file 20 position 29 36 char_array_class compatiple_brand
into target file 4 position 12 char_array_class major_brands

Queue entry 93 (return status 1):
Inserting: source chunk from file 55 position 12 19 char_array_class major_brands
into target file 4 position 46 mp4box free_block
Warning: Consumed 7 more decision bytes than expected while generating chunk.

Queue entry 94 (return status 0):
Abstracting from file 4 optional chunk 46 59 mp4box free_block

Queue entry 95 (return status -1):
Inserting: source chunk from file 69 position 6971 6999 mp4box elst_block
into target file 4 position 12 char_array_class major_brands
Warning: Consumed 21 less decision bytes than expected while generating chunk.

Queue entry 96 (return status 1):
Replacing: source optional chunk from file 62 position 12 19 char_array_class major_brands
into target file 4 optional chunk position 46 59 mp4box free_block
Warning: Consumed 5 more decision bytes than expected while generating chunk.

Queue entry 97 (return status 0):
Replacing: source optional chunk from file 56 position 60 41635 mp4box mdat_block
into target file 4 optional chunk position 46 59 mp4box free_block

Queue entry 98 (return status 1):
Inserting: source chunk from file 51 position 23649 23867 mp4box stsz_block
into target file 4 position 46 mp4box free_block
Warning: Consumed 1424 more decision bytes than expected while generating chunk.

Queue entry 99 (return status -1):
Inserting: source chunk from file 53 position 14747 14784 mp4box dref_box
into target file 4 position 12 char_array_class major_brands
Warning: Consumed 30 less decision bytes than expected while generating chunk.

Queue entry 100 (return status -1):
Inserting: source chunk from file 37 position 18483 18604 mp4box udta_block
into target file 4 position 12 char_array_class major_brands
Warning: Consumed 114 less decision bytes than expected while generating chunk.

Queue entry 101 (return status 1):
Replacing: source optional chunk from file 32 position 21 28 char_array_class compatiple_brand
into target file 4 optional chunk position 46 59 mp4box free_block
Warning: Consumed 5 more decision bytes than expected while generating chunk.

Queue entry 102 (return status 1):
Inserting: source chunk from file 68 position 20811 20892 mp4box stss_block
into target file 4 position 0 mp4box ftyp_block
Warning: Consumed 849 more decision bytes than expected while generating chunk.

Queue entry 103 (return status 0):
Abstracting from file 4 non-optional chunk 63 68 uint32_class size

Queue entry 104 (return status 1):
Inserting: source chunk from file 38 position 21 28 char_array_class compatiple_brand
into target file 4 position 0 mp4box ftyp_block
Warning: Consumed 1006 more decision bytes than expected while generating chunk.

Queue entry 105 (return status 1):
Inserting: source chunk from file 69 position 7049 7088 mp4box hdlr_block
into target file 4 position 46 mp4box free_block
Warning: Consumed 15 more decision bytes than expected while generating chunk.

Queue entry 106 (return status 0):
Abstracting from file 4 non-optional chunk 5 7 uint32_class size

Queue entry 107 (return status 0):
Abstracting from file 4 non-optional chunk 63 68 uint32_class size

Queue entry 108 (return status 1):
Replacing: source optional chunk from file 47 position 8934 9407 mp4box stbl_block
into target file 4 optional chunk position 46 59 mp4box free_block
Warning: Consumed 122 more decision bytes than expected while generating chunk.

Queue entry 109 (return status 1):
Replacing: source optional chunk from file 0 position 6873 6957 mp4box tkhd_block
into target file 4 optional chunk position 46 59 mp4box free_block
Warning: Consumed 17 more decision bytes than expected while generating chunk.

Queue entry 110 (return status 0):
Replacing: source non-optional chunk from file 42 position 7591 7593 uint32_class entry_size
into target file 4 non-optional chunk position 75 80 uint32_class size

Queue entry 111 (return status 1):
Replacing: source optional chunk from file 21 position 31195 31221 mp4box stts_block
into target file 4 optional chunk position 46 59 mp4box free_block
Warning: Consumed 7 more decision bytes than expected while generating chunk.

Queue entry 112 (return status 0):
Abstracting from file 4 non-optional chunk 63 68 uint32_class size

Queue entry 113 (return status 1):
Replacing: source optional chunk from file 46 position 42061 42672 mp4box stbl_block
into target file 4 optional chunk position 46 59 mp4box free_block
Warning: Consumed 133 more decision bytes than expected while generating chunk.

Queue entry 114 (return status 0):
Abstracting from file 4 non-optional chunk 75 80 uint32_class size

Queue entry 115 (return status 0):
Abstracting from file 4 optional chunk 46 59 mp4box free_block

Queue entry 116 (return status -1):
Inserting: source chunk from file 32 position 7104 7128 mp4box header_block
into target file 4 position 21 char_array_class compatiple_brand
Warning: Consumed 17 less decision bytes than expected while generating chunk.

Queue entry 117 (return status -1):
Inserting: source chunk from file 0 position 6771 6857 mp4box mvhd_block
into target file 4 position 12 char_array_class major_brands
Warning: Consumed 79 less decision bytes than expected while generating chunk.

Queue entry 118 (return status 0):
Abstracting from file 4 non-optional chunk 63 68 uint32_class size

Queue entry 119 (return status -1):
Inserting: source chunk from file 64 position 8882 8933 mp4box dinf_block
into target file 4 position 12 char_array_class major_brands
Warning: Consumed 44 less decision bytes than expected while generating chunk.

Queue entry 120 (return status 0):
Abstracting from file 4 optional chunk 46 59 mp4box free_block

Queue entry 121 (return status 1):
Replacing: source optional chunk from file 53 position 14906 14969 mp4box avcC_box
into target file 4 optional chunk position 46 59 mp4box free_block
Warning: Consumed 3358 more decision bytes than expected while generating chunk.

Queue entry 122 (return status 0):
Abstracting from file 4 non-optional chunk 75 80 uint32_class size

Queue entry 123 (return status 1):
Inserting: source chunk from file 63 position 42651 42671 mp4box stco_block
into target file 4 position 0 mp4box ftyp_block
Warning: Consumed 956 more decision bytes than expected while generating chunk.

Queue entry 124 (return status 0):
Abstracting from file 4 non-optional chunk 75 80 uint32_class size

Queue entry 125 (return status -1):
Inserting: source chunk from file 47 position 8882 8933 mp4box dinf_block
into target file 4 position 46 mp4box free_block
Warning: Consumed 6 less decision bytes than expected while generating chunk.

Queue entry 126 (return status -1):
Inserting: source chunk from file 0 position 7761 7882 mp4box udta_block
into target file 4 position 12 char_array_class major_brands
Warning: Consumed 114 less decision bytes than expected while generating chunk.

Queue entry 127 (return status 1):
Inserting: source chunk from file 16 position 42313 42338 mp4box stts_block
into target file 4 position 0 mp4box ftyp_block
Warning: Consumed 2240 more decision bytes than expected while generating chunk.

Queue entry 128 (return status 1):
Replacing: source optional chunk from file 64 position 8857 8881 mp4box header_block
into target file 4 optional chunk position 46 59 mp4box free_block
Warning: Consumed 5 more decision bytes than expected while generating chunk.

Queue entry 129 (return status -1):
Inserting: source chunk from file 3 position 8626 8710 mp4box tkhd_block
into target file 4 position 12 char_array_class major_brands
Warning: Consumed 77 less decision bytes than expected while generating chunk.

Queue entry 130 (return status 1):
Inserting: source chunk from file 35 position 0 45 mp4box ftyp_block
into target file 4 position 46 mp4box free_block
Warning: Consumed 525 more decision bytes than expected while generating chunk.

Queue entry 131 (return status 1):
Inserting: source chunk from file 20 position 41851 41879 mp4box elst_block
into target file 4 position 0 mp4box ftyp_block
Warning: Consumed 3071 more decision bytes than expected while generating chunk.

Queue entry 132 (return status 1):
Inserting: source chunk from file 7 position 30776 30810 mp4box mdhd_block
into target file 4 position 0 mp4box ftyp_block
Warning: Consumed 1792 more decision bytes than expected while generating chunk.

Queue entry 133 (return status 0):
Replacing: source non-optional chunk from file 14 position 7767 7769 uint32_class size
into target file 4 non-optional chunk position 75 80 uint32_class size

Queue entry 134 (return status -1):
Inserting: source chunk from file 16 position 42313 42338 mp4box stts_block
into target file 4 position 12 char_array_class major_brands
Warning: Consumed 18 less decision bytes than expected while generating chunk.

Queue entry 135 (return status 0):
Replacing: source non-optional chunk from file 0 position 59 59 uint32_class size
into target file 4 non-optional chunk position 69 74 uint32_class size

Queue entry 136 (return status -1):
Inserting: source chunk from file 53 position 17630 18658 mp4box ctts_block
into target file 4 position 12 char_array_class major_brands
Warning: Consumed 1021 less decision bytes than expected while generating chunk.

Queue entry 137 (return status 1):
Replacing: source optional chunk from file 14 position 7049 7088 mp4box hdlr_block
into target file 4 optional chunk position 46 59 mp4box free_block
Warning: Consumed 15 more decision bytes than expected while generating chunk.

Queue entry 138 (return status 0):
Abstracting from file 4 non-optional chunk 5 7 uint32_class size

Queue entry 139 (return status -1):
Inserting: source chunk from file 36 position 42689 42796 mp4box meta_block
into target file 4 position 12 char_array_class major_brands
Warning: Consumed 100 less decision bytes than expected while generating chunk.

Queue entry 140 (return status 1):
Inserting: source chunk from file 42 position 7001 7759 mp4box mdia_block
into target file 4 position 46 mp4box free_block
Warning: Consumed 27518 more decision bytes than expected while generating chunk.

Queue entry 141 (return status 0):
Abstracting from file 4 non-optional chunk 63 68 uint32_class size

Queue entry 142 (return status 0):
Abstracting from file 4 non-optional chunk 55 57 uint32_class size

Queue entry 143 (return status 1):
Inserting: source chunk from file 46 position 42381 42405 mp4box stsc_block
into target file 4 position 46 mp4box free_block
Warning: Consumed 13 more decision bytes than expected while generating chunk.

Queue entry 144 (return status 1):
Inserting: source chunk from file 2 position 12 19 char_array_class major_brands
into target file 4 position 46 mp4box free_block
Warning: Consumed 7 more decision bytes than expected while generating chunk.

Queue entry 145 (return status -1):
Inserting: source chunk from file 68 position 20568 20783 mp4box mixed_box
into target file 4 position 12 char_array_class major_brands
Warning: Consumed 204 less decision bytes than expected while generating chunk.

Queue entry 146 (return status 0):
Abstracting from file 4 optional chunk 0 45 mp4box ftyp_block

Queue entry 147 (return status 1):
Inserting: source chunk from file 54 position 1649 1673 mp4box stsc_block
into target file 4 position 46 mp4box free_block
Warning: Consumed 13 more decision bytes than expected while generating chunk.

Queue entry 148 (return status 1):
Inserting: source chunk from file 35 position 6756 7883 mp4box moov_block
into target file 4 position 0 mp4box ftyp_block
Warning: Consumed 501 more decision bytes than expected while generating chunk.

Queue entry 149 (return status 1):
Inserting: source chunk from file 53 position 18684 19086 mp4box stsz_block
into target file 4 position 0 mp4box ftyp_block
Warning: Consumed 691 more decision bytes than expected while generating chunk.

Queue entry 150 (return status 1):
Inserting: source chunk from file 63 position 41753 41837 mp4box tkhd_block
into target file 4 position 46 mp4box free_block
Warning: Consumed 17 more decision bytes than expected while generating chunk.

Queue entry 151 (return status 0):
Replacing: source optional chunk from file 52 position 53 2211 mp4box moov_block
into target file 4 optional chunk position 46 59 mp4box free_block

Queue entry 152 (return status 0):
Abstracting from file 4 non-optional chunk 75 80 uint32_class size

Queue entry 203 (return status 1):
Replacing: source optional chunk from file 35 position 6771 6857 mp4box mvhd_block
into target file 40 optional chunk position 20401 20440 mp4box hdlr_block
Warning: Consumed 14 more decision bytes than expected while generating chunk.

Queue entry 204 (return status 1):
Inserting: source chunk from file 21 position 31362 32219 mp4box stsz_block
into target file 40 position 21558 mp4box hdlr_block
Warning: Consumed 237 more decision bytes than expected while generating chunk.

Queue entry 205 (return status 1):
Inserting: source chunk from file 0 position 37 44 char_array_class compatiple_brand
into target file 40 position 20106 mp4box moov_block
Warning: Consumed 1420 more decision bytes than expected while generating chunk.

Queue entry 206 (return status 0):
Deleting from file 40 chunk 20208 21522 mp4box trak_block

Queue entry 207 (return status 0):
Deleting from file 40 chunk 21558 21587 mp4box hdlr_block

Queue entry 208 (return status 1):
Inserting: source chunk from file 3 position 8724 8752 mp4box elst_block
into target file 40 position 20494 mp4box dref_box
Warning: Consumed 58 more decision bytes than expected while generating chunk.

Queue entry 209 (return status 1):
Inserting: source chunk from file 53 position 17377 17577 mp4box stsd_block
into target file 40 position 20401 mp4box hdlr_block
Warning: Consumed 1413 more decision bytes than expected while generating chunk.

Queue entry 210 (return status -1):
Inserting: source chunk from file 47 position 0 45 mp4box ftyp_block
into target file 40 position 21558 mp4box hdlr_block
Warning: Consumed 9 less decision bytes than expected while generating chunk.

Queue entry 211 (return status 0):
Deleting from file 40 chunk 20223 20307 mp4box tkhd_block

Queue entry 212 (return status 1):
Replacing: source optional chunk from file 13 position 46 59 mp4box free_block
into target file 40 optional chunk position 20401 20440 mp4box hdlr_block
Warning: Consumed 24 more decision bytes than expected while generating chunk.

Queue entry 213 (return status 1):
Inserting: source chunk from file 26 position 37 44 char_array_class compatiple_brand
into target file 40 position 20481 mp4box dinf_block
Warning: Consumed 351 more decision bytes than expected while generating chunk.

Queue entry 214 (return status 1):
Inserting: source chunk from file 60 position 29 36 char_array_class compatiple_brand
into target file 40 position 20223 mp4box tkhd_block
Warning: Consumed 57 more decision bytes than expected while generating chunk.

Queue entry 215 (return status 1):
Replacing: source optional chunk from file 22 position 42651 42671 mp4box stco_block
into target file 40 optional chunk position 20533 21519 mp4box stbl_block
Warning: Consumed 319 more decision bytes than expected while generating chunk.

Queue entry 216 (return status 0):
Replacing: source optional chunk from file 10 position 7216 7431 mp4box mixed_box
into target file 40 optional chunk position 20308 20350 mp4box edts_block

Queue entry 217 (return status 0):
Abstracting from file 40 optional chunk 20918 21497 mp4box stsz_block

Queue entry 218 (return status 0):
Abstracting from file 40 non-optional chunk 0 21646 mp4file file

Queue entry 219 (return status 0):
Inserting: source chunk from file 54 position 441 478 mp4box dref_box
into target file 40 position 20223 mp4box tkhd_block

Queue entry 220 (return status 0):
Abstracting from file 40 non-optional chunk 0 21646 mp4file file

Queue entry 221 (return status 1):
Inserting: source chunk from file 52 position 269 298 mp4box elst_block
into target file 40 position 20208 mp4box trak_block
Warning: Consumed 7482 more decision bytes than expected while generating chunk.

Queue entry 222 (return status -1):
Inserting: source chunk from file 5 position 42689 42796 mp4box meta_block
into target file 40 position 20321 mp4box elst_block
Warning: Consumed 21 less decision bytes than expected while generating chunk.

Queue entry 223 (return status -1):
Replacing: source optional chunk from file 57 position 0 45 mp4box ftyp_block
into target file 40 optional chunk position 20321 20349 mp4box elst_block
Warning: Consumed 3 less decision bytes than expected while generating chunk.

Queue entry 224 (return status 0):
Abstracting from file 40 non-optional chunk 0 21646 mp4file file

Queue entry 225 (return status 0):
Inserting: source chunk from file 56 position 42022 42059 mp4box dref_box
into target file 40 position 20568 mp4box mixed_box

Queue entry 226 (return status 0):
Abstracting from file 40 optional chunk 46 59 mp4box free_block

Queue entry 227 (return status 0):
Replacing: source optional chunk from file 70 position 7142 7179 mp4box dref_box
into target file 40 optional chunk position 20568 20783 mp4box mixed_box

Queue entry 228 (return status 0):
Abstracting from file 40 non-optional chunk 0 21646 mp4file file

Queue entry 229 (return status 1):
Inserting: source chunk from file 25 position 7181 7757 mp4box stbl_block
into target file 40 position 20351 mp4box mdia_block
Warning: Consumed 458 more decision bytes than expected while generating chunk.

Queue entry 230 (return status -1):
Replacing: source optional chunk from file 69 position 6756 7883 mp4box moov_block
into target file 40 optional chunk position 20893 20917 mp4box stsc_block
Warning: Consumed 1113 less decision bytes than expected while generating chunk.

Queue entry 231 (return status 0):
Inserting: source chunk from file 20 position 41838 41880 mp4box edts_block
into target file 40 position 20785 mp4box stts_block

Queue entry 232 (return status 0):
Replacing: source optional chunk from file 63 position 42096 42311 mp4box mixed_box
into target file 40 optional chunk position 46 59 mp4box free_block

Queue entry 233 (return status 0):
Abstracting from file 40 optional chunk 20568 20783 mp4box mixed_box

Queue entry 234 (return status 1):
Replacing: source optional chunk from file 64 position 9386 9406 mp4box stco_block
into target file 40 optional chunk position 20351 21521 mp4box mdia_block
Warning: Consumed 1372 more decision bytes than expected while generating chunk.

Queue entry 235 (return status 1):
Replacing: source optional chunk from file 69 position 7761 7882 mp4box udta_block
into target file 40 optional chunk position 20121 20207 mp4box mvhd_block
Warning: Consumed 368 more decision bytes than expected while generating chunk.

Queue entry 236 (return status 0):
Abstracting from file 40 optional chunk 20106 21645 mp4box moov_block

Queue entry 237 (return status 0):
Abstracting from file 40 optional chunk 20456 20480 mp4box header_block

Queue entry 238 (return status 0):
Inserting: source chunk from file 9 position 21588 21642 mp4box unknown_block
into target file 40 position 20223 mp4box tkhd_block

Queue entry 239 (return status -1):
Inserting: source chunk from file 56 position 42076 42312 mp4box stsd_block
into target file 40 position 20481 mp4box dinf_block
Warning: Consumed 11 less decision bytes than expected while generating chunk.

Queue entry 240 (return status 1):
Inserting: source chunk from file 53 position 17230 17269 mp4box hdlr_block
into target file 40 position 20456 mp4box header_block
Warning: Consumed 10 more decision bytes than expected while generating chunk.

Queue entry 241 (return status 1):
Inserting: source chunk from file 41 position 7736 7756 mp4box stco_block
into target file 40 position 20568 mp4box mixed_box
Warning: Consumed 122 more decision bytes than expected while generating chunk.

Queue entry 242 (return status -1):
Inserting: source chunk from file 3 position 60 8508 mp4box mdat_block
into target file 40 position 20106 mp4box moov_block
Warning: Consumed 6818 less decision bytes than expected while generating chunk.

Queue entry 243 (return status -1):
Replacing: source optional chunk from file 72 position 7459 7500 mp4box stss_block
into target file 40 optional chunk position 20548 20784 mp4box stsd_block
Warning: Consumed 9 less decision bytes than expected while generating chunk.

Queue entry 244 (return status 0):
Abstracting from file 40 non-optional chunk 0 21646 mp4file file

Queue entry 245 (return status -1):
Replacing: source optional chunk from file 53 position 14462 17036 mp4box trak_block
into target file 40 optional chunk position 20893 20917 mp4box stsc_block
Warning: Consumed 2560 less decision bytes than expected while generating chunk.

Queue entry 246 (return status 1):
Replacing: source optional chunk from file 18 position 11278 11756 mp4box stbl_block
into target file 40 optional chunk position 20106 21645 mp4box moov_block
Warning: Consumed 67 more decision bytes than expected while generating chunk.

Queue entry 247 (return status 0):
Abstracting from file 40 optional chunk 60 20105 mp4box mdat_block

Queue entry 248 (return status 0):
Abstracting from file 40 optional chunk 20308 20350 mp4box edts_block

Queue entry 79 (return status 0):
Deleting from file 34 chunk 6958 7000 mp4box edts_block

Queue entry 80 (return status 0):
Abstracting from file 34 non-optional chunk 7043 7045 mp4lang language

Queue entry 81 (return status 0):
Abstracting from file 34 optional chunk 7049 7088 mp4box hdlr_block

Queue entry 82 (return status 0):
Inserting: source chunk from file 20 position 42741 42795 mp4box unknown_block
into target file 34 position 7736 mp4box stco_block

Queue entry 83 (return status -1):
Replacing: source optional chunk from file 5 position 60 41635 mp4box mdat_block
into target file 34 optional chunk position 6971 6999 mp4box elst_block
Warning: Consumed 41542 less decision bytes than expected while generating chunk.

Queue entry 84 (return status -1):
Replacing: source optional chunk from file 66 position 41851 41879 mp4box elst_block
into target file 34 optional chunk position 12 19 char_array_class major_brands
Warning: Consumed 21 less decision bytes than expected while generating chunk.

Queue entry 85 (return status 1):
Replacing: source optional chunk from file 7 position 32280 32309 mp4box hdlr_block
into target file 34 optional chunk position 6756 7883 mp4box moov_block
Warning: Consumed 4739 more decision bytes than expected while generating chunk.

Queue entry 86 (return status 1):
Replacing: source optional chunk from file 52 position 45 51 char_array_class compatiple_brand
into target file 34 optional chunk position 6858 7760 mp4box trak_block
Warning: Consumed 737 more decision bytes than expected while generating chunk.

Queue entry 87 (return status -1):
Replacing: source optional chunk from file 14 position 6858 7760 mp4box trak_block
into target file 34 optional chunk position 7216 7431 mp4box mixed_box
Warning: Consumed 4 less decision bytes than expected while generating chunk.

Queue entry 88 (return status 0):
Abstracting from file 34 optional chunk 7459 7500 mp4box stss_block

Queue entry 89 (return status 1):
Replacing: source optional chunk from file 62 position 7049 7088 mp4box hdlr_block
into target file 34 optional chunk position 7433 7458 mp4box stts_block
Warning: Consumed 4 more decision bytes than expected while generating chunk.

Queue entry 90 (return status -1):
Inserting: source chunk from file 46 position 41984 42008 mp4box header_block
into target file 34 position 7501 mp4box stsc_block
Warning: Consumed 2 less decision bytes than expected while generating chunk.

Queue entry 91 (return status 0):
Deleting from file 34 chunk 7501 7525 mp4box stsc_block

Queue entry 92 (return status 1):
Replacing: source optional chunk from file 71 position 42339 42380 mp4box stss_block
into target file 34 optional chunk position 7129 7180 mp4box dinf_block
Warning: Consumed 2 more decision bytes than expected while generating chunk.

Queue entry 93 (return status -1):
Inserting: source chunk from file 35 position 6756 7883 mp4box moov_block
into target file 34 position 7129 mp4box dinf_block
Warning: Consumed 830 less decision bytes than expected while generating chunk.

Queue entry 94 (return status 0):
Inserting: source chunk from file 69 position 6873 6957 mp4box tkhd_block
into target file 34 position 6873 mp4box tkhd_block

Queue entry 95 (return status -1):
Inserting: source chunk from file 28 position 60 13983 mp4box mdat_block
into target file 34 position 7196 mp4box stsd_block
Warning: Consumed 11 less decision bytes than expected while generating chunk.

Queue entry 96 (return status 1):
Inserting: source chunk from file 54 position 428 479 mp4box dinf_block
into target file 34 position 7181 mp4box stbl_block
Warning: Consumed 203 more decision bytes than expected while generating chunk.

Queue entry 97 (return status -1):
Inserting: source chunk from file 47 position 60 8508 mp4box mdat_block
into target file 34 position 6858 mp4box trak_block
Warning: Consumed 7981 less decision bytes than expected while generating chunk.

Queue entry 98 (return status 0):
Abstracting from file 34 optional chunk 7142 7179 mp4box dref_box

Queue entry 99 (return status 1):
Replacing: source optional chunk from file 57 position 29 36 char_array_class compatiple_brand
into target file 34 optional chunk position 7459 7500 mp4box stss_block
Warning: Consumed 7 more decision bytes than expected while generating chunk.

Queue entry 100 (return status 0):
Deleting from file 34 chunk 6873 6957 mp4box tkhd_block

Queue entry 101 (return status 1):
Replacing: source optional chunk from file 35 position 7459 7500 mp4box stss_block
into target file 34 optional chunk position 7181 7757 mp4box stbl_block
Warning: Consumed 168 more decision bytes than expected while generating chunk.

Queue entry 102 (return status 1):
Replacing: source optional chunk from file 55 position 46 59 mp4box free_block
into target file 34 optional chunk position 7796 7825 mp4box hdlr_block
Warning: Consumed 24 more decision bytes than expected while generating chunk.

Queue entry 103 (return status 1):
Replacing: source optional chunk from file 47 position 9446 9475 mp4box hdlr_block
into target file 34 optional chunk position 7142 7179 mp4box dref_box
Warning: Consumed 13 more decision bytes than expected while generating chunk.

Queue entry 104 (return status 1):
Inserting: source chunk from file 14 position 6771 6857 mp4box mvhd_block
into target file 34 position 7433 mp4box stts_block
Warning: Consumed 20 more decision bytes than expected while generating chunk.

Queue entry 105 (return status 0):
Deleting from file 34 chunk 46 59 mp4box free_block

Queue entry 106 (return status 1):
Inserting: source chunk from file 46 position 42339 42380 mp4box stss_block
into target file 34 position 6958 mp4box edts_block
Warning: Consumed 504 more decision bytes than expected while generating chunk.

Queue entry 107 (return status 0):
Inserting: source chunk from file 35 position 7142 7179 mp4box dref_box
into target file 34 position 7049 mp4box hdlr_block

Queue entry 108 (return status 1):
Inserting: source chunk from file 72 position 6971 6999 mp4box elst_block
into target file 34 position 7181 mp4box stbl_block
Warning: Consumed 235 more decision bytes than expected while generating chunk.

Queue entry 109 (return status 1):
Replacing: source optional chunk from file 3 position 8626 8710 mp4box tkhd_block
into target file 34 optional chunk position 7016 7048 mp4box mdhd_block
Warning: Consumed 5 more decision bytes than expected while generating chunk.

Queue entry 110 (return status 1):
Inserting: source chunk from file 78 position 12 19 char_array_class major_brands
into target file 34 position 7433 mp4box stts_block
Warning: Consumed 4 more decision bytes than expected while generating chunk.

Queue entry 111 (return status 0):
Deleting from file 34 chunk 7796 7825 mp4box hdlr_block

Queue entry 112 (return status 0):
Abstracting from file 34 optional chunk 7216 7431 mp4box mixed_box

Queue entry 113 (return status 1):
Inserting: source chunk from file 58 position 7181 7757 mp4box stbl_block
into target file 34 position 7216 mp4box mixed_box
Warning: Consumed 34 more decision bytes than expected while generating chunk.

Queue entry 114 (return status 0):
Abstracting from file 34 optional chunk 7016 7048 mp4box mdhd_block

Queue entry 115 (return status -1):
Replacing: source optional chunk from file 75 position 41896 41928 mp4box mdhd_block
into target file 34 optional chunk position 7433 7458 mp4box stts_block
Warning: Consumed 2 less decision bytes than expected while generating chunk.

Queue entry 116 (return status 1):
Inserting: source chunk from file 51 position 23556 23581 mp4box stts_block
into target file 34 position 6958 mp4box edts_block
Warning: Consumed 759 more decision bytes than expected while generating chunk.

Queue entry 117 (return status 1):
Inserting: source chunk from file 15 position 7796 7825 mp4box hdlr_block
into target file 34 position 7049 mp4box hdlr_block
Warning: Consumed 245 more decision bytes than expected while generating chunk.

Queue entry 118 (return status 0):
Deleting from file 34 chunk 7196 7432 mp4box stsd_block

Queue entry 119 (return status 1):
Replacing: source optional chunk from file 63 position 46 59 mp4box free_block
into target file 34 optional chunk position 7089 7758 mp4box minf_block
Warning: Consumed 313 more decision bytes than expected while generating chunk.

Queue entry 120 (return status 0):
Inserting: source chunk from file 21 position 30718 30760 mp4box edts_block
into target file 34 position 7104 mp4box header_block

Queue entry 121 (return status 0):
Abstracting from file 34 optional chunk 7196 7432 mp4box stsd_block

Queue entry 122 (return status 0):
Abstracting from file 34 optional chunk 7089 7758 mp4box minf_block

Queue entry 123 (return status 0):
Abstracting from file 34 optional chunk 6756 7883 mp4box moov_block

Queue entry 124 (return status 1):
Inserting: source chunk from file 73 position 29 36 char_array_class compatiple_brand
into target file 34 position 6958 mp4box edts_block
Warning: Consumed 46906 more decision bytes than expected while generating chunk.

Queue entry 125 (return status 0):
Deleting from file 34 chunk 7459 7500 mp4box stss_block

Queue entry 126 (return status 0):
Deleting from file 34 chunk 6858 7760 mp4box trak_block

Queue entry 127 (return status 0):
Abstracting from file 34 optional chunk 7774 7881 mp4box meta_block

Queue entry 128 (return status 0):
Inserting: source chunk from file 25 position 6958 7000 mp4box edts_block
into target file 34 position 6958 mp4box edts_block

Queue entry 129 (return status 1):
Inserting: source chunk from file 25 position 7774 7881 mp4box meta_block
into target file 34 position 6873 mp4box tkhd_block
Warning: Consumed 330 more decision bytes than expected while generating chunk.

Queue entry 130 (return status 1):
Inserting: source chunk from file 5 position 46 59 mp4box free_block
into target file 34 position 7129 mp4box dinf_block
Warning: Consumed 15 more decision bytes than expected while generating chunk.

Queue entry 131 (return status 0):
Abstracting from file 34 optional chunk 6771 6857 mp4box mvhd_block

Queue entry 132 (return status -1):
Inserting: source chunk from file 44 position 60 6755 mp4box mdat_block
into target file 34 position 7104 mp4box header_block
Warning: Consumed 5 less decision bytes than expected while generating chunk.

Queue entry 133 (return status 0):
Abstracting from file 34 optional chunk 6858 7760 mp4box trak_block

Queue entry 134 (return status 0):
Abstracting from file 34 optional chunk 6858 7760 mp4box trak_block

Queue entry 135 (return status 0):
Abstracting from file 34 optional chunk 6858 7760 mp4box trak_block

Queue entry 136 (return status 0):
Abstracting from file 34 optional chunk 6756 7883 mp4box moov_block

Queue entry 137 (return status 1):
Inserting: source chunk from file 32 position 46 59 mp4box free_block
into target file 34 position 6958 mp4box edts_block
Warning: Consumed 479 more decision bytes than expected while generating chunk.

Queue entry 138 (return status 1):
Inserting: source chunk from file 27 position 8769 8801 mp4box mdhd_block
into target file 34 position 7761 mp4box udta_block
Warning: Consumed 67 more decision bytes than expected while generating chunk.

Queue entry 139 (return status 0):
Abstracting from file 34 non-optional chunk 0 7884 mp4file file

Queue entry 140 (return status 0):
Inserting: source chunk from file 18 position 11313 11528 mp4box mixed_box
into target file 34 position 6858 mp4box trak_block

Queue entry 141 (return status 1):
Replacing: source optional chunk from file 37 position 17268 18482 mp4box trak_block
into target file 34 optional chunk position 7001 7759 mp4box mdia_block
Warning: Consumed 34340 more decision bytes than expected while generating chunk.

Queue entry 142 (return status 0):
Abstracting from file 34 optional chunk 60 6755 mp4box mdat_block

Queue entry 143 (return status 1):
Inserting: source chunk from file 54 position 2062 2085 mp4box stco_block
into target file 34 position 7796 mp4box hdlr_block
Warning: Consumed 13 more decision bytes than expected while generating chunk.

Queue entry 144 (return status 0):
Abstracting from file 34 optional chunk 7089 7758 mp4box minf_block

Queue entry 145 (return status 1):
Replacing: source non-optional chunk from file 52 position 370 386 byte_array_class rest
into target file 34 non-optional chunk position 7237 7430 byte_array_class unknown
Warning: Consumed 177 more decision bytes than expected while generating chunk.

Queue entry 146 (return status 0):
Replacing: source optional chunk from file 2 position 42741 42795 mp4box unknown_block
into target file 34 optional chunk position 46 59 mp4box free_block

Queue entry 147 (return status 0):
Abstracting from file 34 optional chunk 60 6755 mp4box mdat_block

Queue entry 148 (return status 0):
Abstracting from file 34 optional chunk 6858 7760 mp4box trak_block

Queue entry 149 (return status 0):
Abstracting from file 34 optional chunk 6858 7760 mp4box trak_block

Queue entry 150 (return status 0):
Abstracting from file 34 optional chunk 7196 7432 mp4box stsd_block

Queue entry 151 (return status 1):
Inserting: source chunk from file 61 position 21 28 char_array_class compatiple_brand
into target file 34 position 7001 mp4box mdia_block
Warning: Consumed 33916 more decision bytes than expected while generating chunk.

Queue entry 152 (return status 0):
Inserting: source chunk from file 10 position 6958 7000 mp4box edts_block
into target file 34 position 7016 mp4box mdhd_block

Queue entry 153 (return status 1):
Replacing: source optional chunk from file 20 position 0 45 mp4box ftyp_block
into target file 34 optional chunk position 6756 7883 mp4box moov_block
Warning: Consumed 8126 more decision bytes than expected while generating chunk.

Queue entry 154 (return status 0):
Abstracting from file 34 optional chunk 6858 7760 mp4box trak_block

Queue entry 155 (return status 1):
Inserting: source chunk from file 27 position 8857 8881 mp4box header_block
into target file 34 position 6756 mp4box moov_block
Warning: Consumed 1105 more decision bytes than expected while generating chunk.

Queue entry 156 (return status 1):
Inserting: source chunk from file 47 position 46 59 mp4box free_block
into target file 34 position 7142 mp4box dref_box
Warning: Consumed 1 more decision bytes than expected while generating chunk.

Queue entry 157 (return status 0):
Abstracting from file 34 optional chunk 7142 7179 mp4box dref_box

Queue entry 158 (return status 0):
Abstracting from file 34 non-optional chunk 0 7884 mp4file file

Queue entry 159 (return status 0):
Replacing: source optional chunk from file 46 position 42096 42311 mp4box mixed_box
into target file 34 optional chunk position 6858 7760 mp4box trak_block

Queue entry 160 (return status 0):
Abstracting from file 34 non-optional chunk 7835 7837 uint32_class size

Queue entry 161 (return status 1):
Replacing: source optional chunk from file 10 position 6971 6999 mp4box elst_block
into target file 34 optional chunk position 6873 6957 mp4box tkhd_block
Warning: Consumed 459 more decision bytes than expected while generating chunk.

Queue entry 162 (return status 1):
Inserting: source chunk from file 67 position 21 28 char_array_class compatiple_brand
into target file 34 position 6756 mp4box moov_block
Warning: Consumed 1888 more decision bytes than expected while generating chunk.

Queue entry 163 (return status 1):
Replacing: source optional chunk from file 72 position 6873 6957 mp4box tkhd_block
into target file 34 optional chunk position 7001 7759 mp4box mdia_block
Warning: Consumed 226 more decision bytes than expected while generating chunk.

Queue entry 164 (return status 0):
Abstracting from file 34 optional chunk 6756 7883 mp4box moov_block

Queue entry 165 (return status -1):
Replacing: source optional chunk from file 53 position 67 14359 mp4box mdat_block
into target file 34 optional chunk position 7774 7881 mp4box meta_block
Warning: Consumed 14247 less decision bytes than expected while generating chunk.

Queue entry 166 (return status 0):
Inserting: source chunk from file 70 position 7826 7880 mp4box unknown_block
into target file 34 position 6958 mp4box edts_block

Queue entry 167 (return status 1):
Replacing: source optional chunk from file 41 position 7774 7881 mp4box meta_block
into target file 34 optional chunk position 6858 7760 mp4box trak_block
Warning: Consumed 1413 more decision bytes than expected while generating chunk.

Queue entry 168 (return status 0):
Abstracting from file 34 optional chunk 6771 6857 mp4box mvhd_block

Queue entry 169 (return status 0):
Abstracting from file 34 non-optional chunk 0 7884 mp4file file

Queue entry 170 (return status 0):
Abstracting from file 34 non-optional chunk 7159 7178 byte_array_class unknown

Queue entry 171 (return status 1):
Inserting: source chunk from file 46 position 42711 42740 mp4box hdlr_block
into target file 34 position 6873 mp4box tkhd_block
Warning: Consumed 844 more decision bytes than expected while generating chunk.

Queue entry 172 (return status 0):
Abstracting from file 34 optional chunk 6756 7883 mp4box moov_block

Queue entry 173 (return status 0):
Abstracting from file 34 optional chunk 6756 7883 mp4box moov_block

Queue entry 174 (return status 1):
Replacing: source optional chunk from file 42 position 21 28 char_array_class compatiple_brand
into target file 34 optional chunk position 7459 7500 mp4box stss_block
Warning: Consumed 7 more decision bytes than expected while generating chunk.

Queue entry 175 (return status 0):
Abstracting from file 34 optional chunk 60 6755 mp4box mdat_block

Queue entry 176 (return status 1):
Replacing: source optional chunk from file 14 position 7104 7128 mp4box header_block
into target file 34 optional chunk position 7049 7088 mp4box hdlr_block
Warning: Consumed 13 more decision bytes than expected while generating chunk.

Queue entry 177 (return status 0):
Abstracting from file 34 non-optional chunk 0 7884 mp4file file

Queue entry 178 (return status 0):
Abstracting from file 34 non-optional chunk 0 7884 mp4file file

Queue entry 179 (return status 0):
Abstracting from file 34 non-optional chunk 0 7884 mp4file file

Queue entry 180 (return status 0):
Abstracting from file 34 non-optional chunk 0 7884 mp4file file

Queue entry 181 (return status 0):
Abstracting from file 34 optional chunk 46 59 mp4box free_block

Queue entry 182 (return status 0):
Abstracting from file 34 optional chunk 7196 7432 mp4box stsd_block

Queue entry 183 (return status 0):
Abstracting from file 34 non-optional chunk 0 7884 mp4file file

Queue entry 184 (return status 0):
Abstracting from file 34 non-optional chunk 0 7884 mp4file file

Queue entry 185 (return status 0):
Replacing: source optional chunk from file 45 position 7216 7431 mp4box mixed_box
into target file 34 optional chunk position 6958 7000 mp4box edts_block

Queue entry 186 (return status 0):
Replacing: source optional chunk from file 50 position 41838 41880 mp4box edts_block
into target file 34 optional chunk position 7216 7431 mp4box mixed_box

Queue entry 187 (return status 0):
Abstracting from file 34 non-optional chunk 0 7884 mp4file file

Queue entry 188 (return status 0):
Abstracting from file 34 optional chunk 7196 7432 mp4box stsd_block

Queue entry 189 (return status -1):
Replacing: source optional chunk from file 46 position 41738 42675 mp4box trak_block
into target file 34 optional chunk position 46 59 mp4box free_block
Warning: Consumed 301 less decision bytes than expected while generating chunk.

Queue entry 190 (return status 1):
Replacing: source optional chunk from file 42 position 7796 7825 mp4box hdlr_block
into target file 34 optional chunk position 6858 7760 mp4box trak_block
Warning: Consumed 7400 more decision bytes than expected while generating chunk.

Queue entry 191 (return status 1):
Replacing: source optional chunk from file 11 position 7089 7758 mp4box minf_block
into target file 34 optional chunk position 0 45 mp4box ftyp_block
Warning: Consumed 8268 more decision bytes than expected while generating chunk.

Queue entry 192 (return status 0):
Abstracting from file 34 optional chunk 7196 7432 mp4box stsd_block

Queue entry 193 (return status 0):
Abstracting from file 34 optional chunk 6958 7000 mp4box edts_block

Queue entry 194 (return status 1):
Replacing: source optional chunk from file 46 position 42689 42796 mp4box meta_block
into target file 34 optional chunk position 60 6755 mp4box mdat_block
Warning: Consumed 610 more decision bytes than expected while generating chunk.

