Queue entry 79 (return status 1):
Inserting: source chunk from file 19 position 271472 271526 mp4box hdlr_block
into target file 53 position 14512 mp4box tkhd_block
Warning: Consumed 18 more decision bytes than expected while generating chunk.

Queue entry 80 (return status -1):
Replacing: source optional chunk from file 14 position 6888 7922 mp4box trak_block
into target file 53 optional chunk position 17193 17234 mp4box child_box
Warning: Consumed 1021 less decision bytes than expected while generating chunk.

Queue entry 81 (return status -1):
Inserting: source chunk from file 29 position 70 271135 mp4box mdat_block
into target file 53 position 19220 mp4box udta_block
Warning: Consumed 271064 less decision bytes than expected while generating chunk.

Queue entry 82 (return status 0):
Abstracting from file 53 optional chunk 14512 14600 mp4box tkhd_block

Queue entry 83 (return status 0):
Abstracting from file 53 non-optional chunk 19246 19250 char_array_class value

Queue entry 84 (return status -1):
Replacing: source optional chunk from file 13 position 271258 272427 mp4box trak_block
into target file 53 optional chunk position 17236 19216 mp4box stbl_block
Warning: Consumed 974 less decision bytes than expected while generating chunk.

Queue entry 85 (return status -1):
Inserting: source chunk from file 33 position 271593 271634 mp4box child_box
into target file 53 position 16856 mp4box trak_block
Warning: Consumed 40 less decision bytes than expected while generating chunk.

Queue entry 86 (return status -1):
Replacing: source optional chunk from file 66 position 41945 41981 mp4box mdhd_block
into target file 53 optional chunk position 18158 18688 mp4box child_box
Warning: Consumed 13 less decision bytes than expected while generating chunk.

Queue entry 87 (return status -1):
Replacing: source optional chunk from file 67 position 271258 272427 mp4box trak_block
into target file 53 optional chunk position 15088 15115 mp4box child_box
Warning: Consumed 1151 less decision bytes than expected while generating chunk.

Queue entry 88 (return status 0):
Deleting from file 53 chunk 78 14370 mp4box mdat_block

Queue entry 89 (return status 0):
Abstracting from file 53 non-optional chunk 14803 14804 qtgfxmode graphics_mode

Queue entry 90 (return status 0):
Deleting from file 53 chunk 16965 17015 mp4box edts_block

Queue entry 91 (return status 0):
Abstracting from file 53 non-optional chunk 14702 14704 mp4lang language

Queue entry 92 (return status 0):
Abstracting from file 53 optional chunk 16325 16851 mp4box child_box

Queue entry 93 (return status 0):
Abstracting from file 53 optional chunk 14671 14707 mp4box mdhd_block

Queue entry 94 (return status -1):
Replacing: source optional chunk from file 48 position 271383 271414 mp4box child_block
into target file 53 optional chunk position 15143 15764 mp4box child_box
Warning: Consumed 16 less decision bytes than expected while generating chunk.

Queue entry 95 (return status 1):
Replacing: source optional chunk from file 49 position 35 42 char_array_class compatible_brand
into target file 53 optional chunk position 14812 14871 mp4box dinf_block
Warning: Consumed 581 more decision bytes than expected while generating chunk.

Queue entry 96 (return status -1):
Replacing: source optional chunk from file 43 position 271636 272424 mp4box stbl_block
into target file 53 optional chunk position 17193 17234 mp4box child_box
Warning: Consumed 775 less decision bytes than expected while generating chunk.

Queue entry 97 (return status 0):
Abstracting from file 53 optional chunk 19297 19357 mp4box child_box

Queue entry 98 (return status 0):
Abstracting from file 53 optional chunk 14708 14762 mp4box hdlr_block

Queue entry 99 (return status -1):
Inserting: source chunk from file 36 position 41982 42036 mp4box hdlr_block
into target file 53 position 51 char_array_class compatible_brand
Warning: Consumed 47 less decision bytes than expected while generating chunk.

Queue entry 100 (return status 1):
Inserting: source chunk from file 34 position 7593 7621 mp4box child_box
into target file 53 position 14708 mp4box hdlr_block
Warning: Consumed 8 more decision bytes than expected while generating chunk.

Queue entry 101 (return status 0):
Replacing: source non-optional chunk from file 78 position 41914 41923 elst_entry entries
into target file 53 non-optional chunk position 18151 18156 elst_entry entries

Queue entry 102 (return status 0):
Inserting: source chunk from file 32 position 7176 7205 mp4box header_block
into target file 53 position 17255 mp4box child_box

Queue entry 103 (return status 0):
Abstracting from file 53 optional chunk 14708 14762 mp4box hdlr_block

Queue entry 104 (return status -1):
Replacing: source optional chunk from file 30 position 42037 42802 mp4box minf_block
into target file 53 optional chunk position 17255 17451 mp4box child_box
Warning: Consumed 745 less decision bytes than expected while generating chunk.

Queue entry 105 (return status 0):
Abstracting from file 53 non-optional chunk 17169 17174 qtopcolor opcolor

Queue entry 106 (return status -1):
Inserting: source chunk from file 27 position 9275 9302 mp4box child_box
into target file 53 position 14618 mp4box child_block
Warning: Consumed 8 less decision bytes than expected while generating chunk.

Queue entry 107 (return status 0):
Deleting from file 53 chunk 0 59 mp4box ftyp_block

Queue entry 108 (return status 0):
Abstracting from file 53 non-optional chunk 14645 14649 fp32 media_rate

Queue entry 109 (return status 0):
Abstracting from file 53 optional chunk 17146 17175 mp4box header_block

Queue entry 110 (return status 0):
Abstracting from file 53 optional chunk 14891 15087 mp4box child_box

Queue entry 111 (return status 0):
Inserting: source chunk from file 31 position 24083 24124 mp4box child_box
into target file 53 position 19361 mp4file file

Queue entry 112 (return status 0):
Abstracting from file 53 optional chunk 14390 14492 mp4box mvhd_block

Queue entry 113 (return status 0):
Deleting from file 53 chunk 17072 17126 mp4box hdlr_block

Queue entry 114 (return status 0):
Abstracting from file 53 optional chunk 35 42 char_array_class compatible_brand

Queue entry 115 (return status 0):
Abstracting from file 53 optional chunk 18689 19215 mp4box child_box

Queue entry 116 (return status 0):
Abstracting from file 53 non-optional chunk 17300 17301 uint64_class reserved_2

Queue entry 117 (return status 0):
Abstracting from file 53 non-optional chunk 17069 17070 uint32_array_class pre_defined

Queue entry 118 (return status 1):
Inserting: source chunk from file 77 position 43 50 char_array_class compatible_brand
into target file 53 position 14829 mp4box child_box
Warning: Consumed 6 more decision bytes than expected while generating chunk.

Queue entry 119 (return status 0):
Abstracting from file 53 optional chunk 0 59 mp4box ftyp_block

Queue entry 120 (return status -1):
Replacing: source optional chunk from file 12 position 41876 41925 mp4box edts_block
into target file 53 optional chunk position 17016 19218 mp4box mdia_block
Warning: Consumed 4 less decision bytes than expected while generating chunk.

Queue entry 121 (return status -1):
Replacing: source optional chunk from file 4 position 271258 272427 mp4box trak_block
into target file 53 optional chunk position 78 14370 mp4box mdat_block
Warning: Consumed 376 less decision bytes than expected while generating chunk.

